info: Download starting. {"0":{"rss":70090752,"heapTotal":29454336,"heapUsed":27020344,"external":1489021},"1":[0,10057901],"timestamp":"2021-09-28T05:12:58.958Z"}
info: Response accepted. {"0":"https://app.nftrade.com/users/bsc/0x616dcef2007f10f99f038d115cd3f9408e91b7eb","1":200,"2":"text/html; charset=utf-8","3":{"rss":71430144,"heapTotal":30502912,"heapUsed":28564424,"external":1459555},"4":[1,401349280],"timestamp":"2021-09-28T05:13:00.348Z"}
info: Response accepted. {"0":"https://avatars.dicebear.com/api/bottts/0x616dcef2007f10f99f038d115cd3f9408e91b7eb.svg","1":200,"2":"image/svg+xml","3":{"rss":73023488,"heapTotal":32362496,"heapUsed":29519040,"external":1479272},"4":[1,904478014],"timestamp":"2021-09-28T05:13:00.851Z"}
info: Response accepted. {"0":"https://app.nftrade.com/logo_n.svg","1":200,"2":"image/svg+xml","3":{"rss":73023488,"heapTotal":32362496,"heapUsed":28687160,"external":1489441},"4":[2,297763475],"timestamp":"2021-09-28T05:13:01.245Z"}
info: Response accepted. {"0":"https://app.nftrade.com/medium.svg","1":200,"2":"image/svg+xml","3":{"rss":73023488,"heapTotal":32362496,"heapUsed":28761080,"external":1518160},"4":[2,322898893],"timestamp":"2021-09-28T05:13:01.270Z"}
info: Response accepted. {"0":"https://app.nftrade.com/logo_n_invert.svg","1":200,"2":"image/svg+xml","3":{"rss":73023488,"heapTotal":32362496,"heapUsed":28870504,"external":1560252},"4":[2,335412651],"timestamp":"2021-09-28T05:13:01.282Z"}
info: Response accepted. {"0":"https://app.nftrade.com/telegram.svg","1":200,"2":"image/svg+xml","3":{"rss":73023488,"heapTotal":32362496,"heapUsed":28886544,"external":1560252},"4":[2,336075208],"timestamp":"2021-09-28T05:13:01.283Z"}
info: Response accepted. {"0":"https://app.nftrade.com/twitter.svg","1":200,"2":"image/svg+xml","3":{"rss":72269824,"heapTotal":32362496,"heapUsed":28977856,"external":1580890},"4":[2,345061787],"timestamp":"2021-09-28T05:13:01.292Z"}
info: Response accepted. {"0":"https://app.nftrade.com/_next/static/chunks/2d5cc0aadf35b9ef54a8cadba72e4d5dffbdd31a_CSS.dd32408e2471bd10af40.js","1":200,"2":"application/javascript; charset=UTF-8","3":{"rss":74559488,"heapTotal":34983936,"heapUsed":29663944,"external":1970480},"4":[2,822141524],"timestamp":"2021-09-28T05:13:01.769Z"}
info: Response accepted. {"0":"https://app.nftrade.com/_next/static/chunks/webpack-50bee04d1dc61f8adf5b.js","1":200,"2":"application/javascript; charset=UTF-8","3":{"rss":74559488,"heapTotal":34983936,"heapUsed":29744816,"external":1986899},"4":[2,824497257],"timestamp":"2021-09-28T05:13:01.771Z"}
info: Response accepted. {"0":"https://app.nftrade.com/_next/static/eP6D93bjnxRLymv05h37b/_buildManifest.js","1":200,"2":"application/javascript; charset=UTF-8","3":{"rss":74559488,"heapTotal":34983936,"heapUsed":29823464,"external":1986899},"4":[2,826120624],"timestamp":"2021-09-28T05:13:01.773Z"}
info: Response accepted. {"0":"https://app.nftrade.com/_next/static/chunks/df5bafe1fa2f39f5bf6c3d488737ada1348e8279.04b4de03ffd32cd72798.js","1":200,"2":"application/javascript; charset=UTF-8","3":{"rss":74559488,"heapTotal":34983936,"heapUsed":30078392,"external":2101587},"4":[2,831806342],"timestamp":"2021-09-28T05:13:01.779Z"}
info: Response accepted. {"0":"https://app.nftrade.com/_next/static/chunks/main-790ff312ffcac05423c8.js","1":200,"2":"application/javascript; charset=UTF-8","3":{"rss":74559488,"heapTotal":34983936,"heapUsed":30149032,"external":2101587},"4":[2,833746435],"timestamp":"2021-09-28T05:13:01.781Z"}
info: Response accepted. {"0":"https://app.nftrade.com/_next/static/chunks/4c6b942b22ceb7b5fe00b14e6b3d89eae9f0bed4_CSS.a83a6a4548b93404854d.js","1":200,"2":"application/javascript; charset=UTF-8","3":{"rss":74559488,"heapTotal":34983936,"heapUsed":30627992,"external":2391673},"4":[2,918235306],"timestamp":"2021-09-28T05:13:01.865Z"}
info: Response accepted. {"0":"https://app.nftrade.com/_next/static/chunks/commons.eb0dbf4314d62210e292.js","1":200,"2":"application/javascript; charset=UTF-8","3":{"rss":74559488,"heapTotal":34983936,"heapUsed":30770648,"external":2424441},"4":[2,920376114],"timestamp":"2021-09-28T05:13:01.867Z"}
info: Response accepted. {"0":"https://app.nftrade.com/_next/static/chunks/polyfills-de1e8ccd1a17442167df.js","1":200,"2":"application/javascript; charset=UTF-8","3":{"rss":74825728,"heapTotal":35508224,"heapUsed":30240528,"external":1994157},"4":[2,927780753],"timestamp":"2021-09-28T05:13:01.875Z"}
info: Response accepted. {"0":"https://app.nftrade.com/_next/static/chunks/00446a11a03ed4d4aee3ecf85a6dee724383e7e9.4ea14713966204827f17.js","1":200,"2":"application/javascript; charset=UTF-8","3":{"rss":74825728,"heapTotal":35508224,"heapUsed":30337448,"external":1994157},"4":[2,928845085],"timestamp":"2021-09-28T05:13:01.876Z"}
info: Response accepted. {"0":"https://app.nftrade.com/_next/static/chunks/pages/_app-713832d5e3118e43c401.js","1":200,"2":"application/javascript; charset=UTF-8","3":{"rss":74825728,"heapTotal":35508224,"heapUsed":30571456,"external":2059693},"4":[2,931685856],"timestamp":"2021-09-28T05:13:01.879Z"}
info: Response accepted. {"0":"https://app.nftrade.com/_next/static/chunks/framework.6310e107c033dbee64a0.js","1":200,"2":"application/javascript; charset=UTF-8","3":{"rss":75075584,"heapTotal":35643392,"heapUsed":30836848,"external":2132564},"4":[3,9394432],"timestamp":"2021-09-28T05:13:01.956Z"}
info: Response accepted. {"0":"https://app.nftrade.com/_next/static/eP6D93bjnxRLymv05h37b/_ssgManifest.js","1":200,"2":"application/javascript; charset=UTF-8","3":{"rss":75075584,"heapTotal":35643392,"heapUsed":31050976,"external":2241492},"4":[3,15773761],"timestamp":"2021-09-28T05:13:01.963Z"}
info: Response accepted. {"0":"https://app.nftrade.com/_next/static/chunks/2d5cc0aadf35b9ef54a8cadba72e4d5dffbdd31a.bb835f0e25173c863008.js","1":200,"2":"application/javascript; charset=UTF-8","3":{"rss":75112448,"heapTotal":35643392,"heapUsed":31106552,"external":2257890},"4":[3,17141574],"timestamp":"2021-09-28T05:13:01.964Z"}
info: Response accepted. {"0":"https://app.nftrade.com/_next/static/chunks/9d9ca85ef0f581e15cecfa8916df8326826d40a9_CSS.c45b15f1d5cff9ccea93.js","1":200,"2":"application/javascript; charset=UTF-8","3":{"rss":75112448,"heapTotal":35643392,"heapUsed":31129488,"external":2257890},"4":[3,17781526],"timestamp":"2021-09-28T05:13:01.965Z"}
info: Response accepted. {"0":"https://app.nftrade.com/_next/static/chunks/pages/users/%5BchainName%5D/%5BownerAddress%5D-c55b8a551c57587b70da.js","1":200,"2":"application/javascript; charset=UTF-8","3":{"rss":75112448,"heapTotal":35643392,"heapUsed":31341616,"external":2307042},"4":[3,21151574],"timestamp":"2021-09-28T05:13:01.968Z"}
info: Response accepted. {"0":"https://app.nftrade.com/_next/static/chunks/5dcd87e2968d0114af8eb3494628a4a9b246e88d.a1e4654f92601e26c712.js","1":200,"2":"application/javascript; charset=UTF-8","3":{"rss":75112448,"heapTotal":35643392,"heapUsed":31489760,"external":2323426},"4":[3,23295147],"timestamp":"2021-09-28T05:13:01.970Z"}
info: Response accepted. {"0":"https://app.nftrade.com/_next/static/chunks/0a6e12db.bc26b40eaa5a16514d23.js","1":200,"2":"application/javascript; charset=UTF-8","3":{"rss":75919360,"heapTotal":36859904,"heapUsed":32286056,"external":2872013},"4":[3,117283166],"timestamp":"2021-09-28T05:13:02.064Z"}
info: Response accepted. {"0":"https://www.googletagmanager.com/gtag/js?id=G-VNGW0L02WX","1":200,"2":"application/javascript; charset=UTF-8","3":{"rss":75919360,"heapTotal":36859904,"heapUsed":32641296,"external":3068621},"4":[3,121292258],"timestamp":"2021-09-28T05:13:02.068Z"}
info: Response accepted. {"0":"https://app.nftrade.com/js/analytics.js","1":200,"2":"application/javascript; charset=UTF-8","3":{"rss":76664832,"heapTotal":41578496,"heapUsed":30742352,"external":2640068},"4":[3,411395668],"timestamp":"2021-09-28T05:13:02.358Z"}
info: Response accepted. {"0":"https://app.nftrade.com/_next/static/chunks/4c6b942b22ceb7b5fe00b14e6b3d89eae9f0bed4.6c3674a0e1352295870a.js","1":200,"2":"application/javascript; charset=UTF-8","3":{"rss":79069184,"heapTotal":43905024,"heapUsed":34222248,"external":3721687},"4":[3,427704789],"timestamp":"2021-09-28T05:13:02.375Z"}
info: Response accepted. {"0":"https://app.nftrade.com/_next/static/css/ba3bd174d875db8c53f7.css","1":200,"2":"text/css; charset=UTF-8","3":{"rss":80019456,"heapTotal":43905024,"heapUsed":34272624,"external":1613194},"4":[3,573760358],"timestamp":"2021-09-28T05:13:02.521Z"}
info: Response accepted. {"0":"https://app.nftrade.com/_next/static/css/45b71cab7d571d8a36df.css","1":200,"2":"text/css; charset=UTF-8","3":{"rss":80019456,"heapTotal":43905024,"heapUsed":34477096,"external":1723655},"4":[3,619163856],"timestamp":"2021-09-28T05:13:02.566Z"}
info: Response accepted. {"0":"https://app.nftrade.com/_next/static/css/38f3d52fe355c5ffe589.css","1":200,"2":"text/css; charset=UTF-8","3":{"rss":80019456,"heapTotal":43905024,"heapUsed":34581408,"external":1756423},"4":[3,620682182],"timestamp":"2021-09-28T05:13:02.568Z"}
info: Response accepted. {"0":"https://app.nftrade.com/_next/static/css/830ffedb969c51548db6.css","1":200,"2":"text/css; charset=UTF-8","3":{"rss":80019456,"heapTotal":43905024,"heapUsed":34624072,"external":1764615},"4":[3,621674565],"timestamp":"2021-09-28T05:13:02.569Z"}
info: Response accepted. {"0":"https://app.nftrade.com/_next/static/css/9778608074814d89aa5d.css","1":200,"2":"text/css; charset=UTF-8","3":{"rss":80019456,"heapTotal":43905024,"heapUsed":34690440,"external":1764615},"4":[3,622900138],"timestamp":"2021-09-28T05:13:02.570Z"}
info: Response accepted. {"0":"https://avatars.dicebear.com/api/bottts/b8f3ca49-dadc-421b-bd63-7d4049f5508f.svg","1":200,"2":"image/svg+xml","3":{"rss":80019456,"heapTotal":43905024,"heapUsed":35440200,"external":1784795},"4":[3,882209167],"timestamp":"2021-09-28T05:13:02.829Z"}
info: Response rejected. {"0":"https://twitter.com/NFTradeOfficial","1":200,"2":"text/html; charset=utf-8","3":{"rss":82067456,"heapTotal":45740032,"heapUsed":34849760,"external":1784364},"4":[4,217079216],"timestamp":"2021-09-28T05:13:03.164Z"}
info: Response rejected. {"0":"https://t.me/NFTrade","1":200,"2":"text/html; charset=utf-8","3":{"rss":82067456,"heapTotal":45740032,"heapUsed":34929016,"external":1813556},"4":[4,509679784],"timestamp":"2021-09-28T05:13:03.457Z"}
info: Response rejected. {"0":"https://app.nftrade.com/marketplace","1":200,"2":"text/html; charset=utf-8","3":{"rss":82067456,"heapTotal":45740032,"heapUsed":35042192,"external":1855748},"4":[4,717631530],"timestamp":"2021-09-28T05:13:03.664Z"}
info: Response rejected. {"0":"https://app.nftrade.com/swaps","1":200,"2":"text/html; charset=utf-8","3":{"rss":82067456,"heapTotal":45740032,"heapUsed":35203688,"external":1916158},"4":[4,756797281],"timestamp":"2021-09-28T05:13:03.704Z"}
info: Response rejected. {"0":"https://app.nftrade.com/create","1":200,"2":"text/html; charset=utf-8","3":{"rss":82067456,"heapTotal":45740032,"heapUsed":35277728,"external":1939747},"4":[4,800011262],"timestamp":"2021-09-28T05:13:03.747Z"}
info: Response rejected. {"0":"https://app.nftrade.com/NFTD","1":200,"2":"text/html; charset=utf-8","3":{"rss":82067456,"heapTotal":45740032,"heapUsed":35351872,"external":1963076},"4":[4,806518146],"timestamp":"2021-09-28T05:13:03.753Z"}
info: Response rejected. {"0":"https://app.nftrade.com/farms","1":200,"2":"text/html; charset=utf-8","3":{"rss":82067456,"heapTotal":45740032,"heapUsed":35493928,"external":2047572},"4":[4,834623307],"timestamp":"2021-09-28T05:13:03.781Z"}
info: Response rejected. {"0":"https://app.nftrade.com/terms.html","1":200,"2":"text/html; charset=UTF-8","3":{"rss":82067456,"heapTotal":45740032,"heapUsed":35601456,"external":2085874},"4":[4,992103351],"timestamp":"2021-09-28T05:13:03.939Z"}
info: Response rejected. {"0":"https://medium.com/@NFTrade","1":200,"2":"text/html; charset=utf-8","3":{"rss":81895424,"heapTotal":45940736,"heapUsed":37259584,"external":2429491},"4":[5,144528992],"timestamp":"2021-09-28T05:13:04.091Z"}
info: Response rejected. {"0":"https://app.nftrade.com/","1":200,"2":"text/html; charset=utf-8","3":{"rss":81895424,"heapTotal":45940736,"heapUsed":37462320,"external":2487654},"4":[5,239050943],"timestamp":"2021-09-28T05:13:04.186Z"}
info: Saving resource. {"0":"https://app.nftrade.com/users/bsc/0x616dcef2007f10f99f038d115cd3f9408e91b7eb","1":"html","2":{"rss":81895424,"heapTotal":45940736,"heapUsed":37561160,"external":2487654},"3":[5,241061017],"timestamp":"2021-09-28T05:13:04.188Z"}
info: Zip created. {"0":"offline","1":"allpages","2":false,"3":{"rss":84492288,"heapTotal":47775744,"heapUsed":38119760,"external":2065994},"4":[5,936037332],"timestamp":"2021-09-28T05:13:04.883Z"}
info: File list updated. {"0":"offline","1":"allpages","2":false,"3":{"rss":85196800,"heapTotal":48037888,"heapUsed":38652768,"external":2104514},"4":[6,135334267],"timestamp":"2021-09-28T05:13:05.082Z"}
info: Saving resource. {"0":"https://avatars.dicebear.com/api/bottts/0x616dcef2007f10f99f038d115cd3f9408e91b7eb.svg","2":{"rss":85450752,"heapTotal":48037888,"heapUsed":38806216,"external":2106261},"3":[6,187908389],"timestamp":"2021-09-28T05:13:05.135Z"}
info: Saving resource. {"0":"https://app.nftrade.com/logo_n.svg","2":{"rss":85450752,"heapTotal":48037888,"heapUsed":39187296,"external":2129662},"3":[6,338500626],"timestamp":"2021-09-28T05:13:05.285Z"}
info: Saving resource. {"0":"https://app.nftrade.com/medium.svg","2":{"rss":85450752,"heapTotal":48037888,"heapUsed":39727480,"external":2155104},"3":[6,480132269],"timestamp":"2021-09-28T05:13:05.427Z"}
info: Saving resource. {"0":"https://app.nftrade.com/logo_n_invert.svg","2":{"rss":85450752,"heapTotal":48037888,"heapUsed":40168744,"external":2179162},"3":[6,644634345],"timestamp":"2021-09-28T05:13:05.591Z"}
info: Saving resource. {"0":"https://app.nftrade.com/telegram.svg","2":{"rss":85450752,"heapTotal":48037888,"heapUsed":40606648,"external":2203248},"3":[6,825282724],"timestamp":"2021-09-28T05:13:05.772Z"}
info: Saving resource. {"0":"https://app.nftrade.com/twitter.svg","2":{"rss":85450752,"heapTotal":48037888,"heapUsed":41042888,"external":2219143},"3":[6,974670997],"timestamp":"2021-09-28T05:13:05.922Z"}
info: Saving resource. {"0":"https://app.nftrade.com/_next/static/chunks/2d5cc0aadf35b9ef54a8cadba72e4d5dffbdd31a_CSS.dd32408e2471bd10af40.js","1":"js","2":{"rss":85450752,"heapTotal":48037888,"heapUsed":41476264,"external":2235019},"3":[7,203160196],"timestamp":"2021-09-28T05:13:06.150Z"}
info: Saving resource. {"0":"https://app.nftrade.com/_next/static/chunks/webpack-50bee04d1dc61f8adf5b.js","1":"js","2":{"rss":85975040,"heapTotal":48562176,"heapUsed":38588216,"external":2080413},"3":[7,376456897],"timestamp":"2021-09-28T05:13:06.323Z"}
info: Saving resource. {"0":"https://app.nftrade.com/_next/static/eP6D93bjnxRLymv05h37b/_buildManifest.js","1":"js","2":{"rss":85561344,"heapTotal":47837184,"heapUsed":33197224,"external":1590398},"3":[7,677744825],"timestamp":"2021-09-28T05:13:06.625Z"}
info: Saving resource. {"0":"https://app.nftrade.com/_next/static/chunks/df5bafe1fa2f39f5bf6c3d488737ada1348e8279.04b4de03ffd32cd72798.js","1":"js","2":{"rss":85561344,"heapTotal":47837184,"heapUsed":33647080,"external":1620176},"3":[7,842698894],"timestamp":"2021-09-28T05:13:06.790Z"}
info: Saving resource. {"0":"https://app.nftrade.com/_next/static/chunks/main-790ff312ffcac05423c8.js","1":"js","2":{"rss":85561344,"heapTotal":47837184,"heapUsed":34088568,"external":1653605},"3":[7,996562549],"timestamp":"2021-09-28T05:13:06.943Z"}
info: Saving resource. {"0":"https://app.nftrade.com/_next/static/chunks/4c6b942b22ceb7b5fe00b14e6b3d89eae9f0bed4_CSS.a83a6a4548b93404854d.js","1":"js","2":{"rss":86786048,"heapTotal":47837184,"heapUsed":34527352,"external":1696344},"3":[8,162856345],"timestamp":"2021-09-28T05:13:07.110Z"}
info: Saving resource. {"0":"https://app.nftrade.com/_next/static/chunks/commons.eb0dbf4314d62210e292.js","1":"js","2":{"rss":86786048,"heapTotal":47837184,"heapUsed":34972536,"external":1712676},"3":[8,315056582],"timestamp":"2021-09-28T05:13:07.262Z"}
info: Saving resource. {"0":"https://app.nftrade.com/_next/static/chunks/polyfills-de1e8ccd1a17442167df.js","1":"js","2":{"rss":86786048,"heapTotal":47837184,"heapUsed":35401880,"external":1834491},"3":[8,466300745],"timestamp":"2021-09-28T05:13:07.413Z"}
info: Saving resource. {"0":"https://app.nftrade.com/_next/static/chunks/00446a11a03ed4d4aee3ecf85a6dee724383e7e9.4ea14713966204827f17.js","1":"js","2":{"rss":86298624,"heapTotal":47837184,"heapUsed":35828272,"external":2016600},"3":[8,669623833],"timestamp":"2021-09-28T05:13:07.616Z"}
info: Saving resource. {"0":"https://app.nftrade.com/_next/static/chunks/pages/_app-713832d5e3118e43c401.js","1":"js","2":{"rss":86564864,"heapTotal":47837184,"heapUsed":36254608,"external":2147395},"3":[8,822482225],"timestamp":"2021-09-28T05:13:07.769Z"}
info: Saving resource. {"0":"https://app.nftrade.com/_next/static/chunks/framework.6310e107c033dbee64a0.js","1":"js","2":{"rss":86835200,"heapTotal":47837184,"heapUsed":36683640,"external":2305650},"3":[9,114831379],"timestamp":"2021-09-28T05:13:08.062Z"}
info: Saving resource. {"0":"https://app.nftrade.com/_next/static/eP6D93bjnxRLymv05h37b/_ssgManifest.js","1":"js","2":{"rss":87330816,"heapTotal":47837184,"heapUsed":33463032,"external":1641554},"3":[9,350103924],"timestamp":"2021-09-28T05:13:08.297Z"}
info: Saving resource. {"0":"https://app.nftrade.com/_next/static/chunks/2d5cc0aadf35b9ef54a8cadba72e4d5dffbdd31a.bb835f0e25173c863008.js","1":"js","2":{"rss":87330816,"heapTotal":47837184,"heapUsed":33876288,"external":1657749},"3":[9,505085297],"timestamp":"2021-09-28T05:13:08.452Z"}
info: Saving resource. {"0":"https://app.nftrade.com/_next/static/chunks/9d9ca85ef0f581e15cecfa8916df8326826d40a9_CSS.c45b15f1d5cff9ccea93.js","1":"js","2":{"rss":87330816,"heapTotal":47837184,"heapUsed":34290664,"external":1693677},"3":[9,657446363],"timestamp":"2021-09-28T05:13:08.604Z"}
info: Saving resource. {"0":"https://app.nftrade.com/_next/static/chunks/pages/users/%5BchainName%5D/%5BownerAddress%5D-c55b8a551c57587b70da.js","1":"js","2":{"rss":87330816,"heapTotal":47837184,"heapUsed":34705048,"external":1710117},"3":[9,825117991],"timestamp":"2021-09-28T05:13:08.772Z"}
info: Saving resource. {"0":"https://app.nftrade.com/_next/static/chunks/5dcd87e2968d0114af8eb3494628a4a9b246e88d.a1e4654f92601e26c712.js","1":"js","2":{"rss":87588864,"heapTotal":47837184,"heapUsed":35132992,"external":1816936},"3":[9,984116969],"timestamp":"2021-09-28T05:13:08.931Z"}
info: Saving resource. {"0":"https://app.nftrade.com/_next/static/chunks/0a6e12db.bc26b40eaa5a16514d23.js","1":"js","2":{"rss":87859200,"heapTotal":47837184,"heapUsed":35547768,"external":1858495},"3":[10,134385586],"timestamp":"2021-09-28T05:13:09.081Z"}
info: Saving resource. {"0":"https://www.googletagmanager.com/gtag/js?id=G-VNGW0L02WX","2":{"rss":89264128,"heapTotal":47837184,"heapUsed":35985856,"external":2696043},"3":[10,377010540],"timestamp":"2021-09-28T05:13:09.324Z"}
info: Saving resource. {"0":"https://app.nftrade.com/js/analytics.js","1":"js","2":{"rss":90566656,"heapTotal":47837184,"heapUsed":36422560,"external":2978971},"3":[10,607864019],"timestamp":"2021-09-28T05:13:09.555Z"}
info: Saving resource. {"0":"https://app.nftrade.com/_next/static/chunks/4c6b942b22ceb7b5fe00b14e6b3d89eae9f0bed4.6c3674a0e1352295870a.js","1":"js","2":{"rss":90312704,"heapTotal":47837184,"heapUsed":36844264,"external":2994904},"3":[10,763745712],"timestamp":"2021-09-28T05:13:09.711Z"}
info: Response accepted. {"0":"https://at.alicdn.com/t/font_1434092639_4910953.eot","1":200,"2":"application/octet-stream","3":{"rss":91303936,"heapTotal":47837184,"heapUsed":36258144,"external":1730127},"4":[11,831097404],"timestamp":"2021-09-28T05:13:10.778Z"}
info: Response accepted. {"0":"https://at.alicdn.com/t/font_1434092639_4910953.ttf","1":200,"2":"application/octet-stream","3":{"rss":91303936,"heapTotal":47837184,"heapUsed":36357800,"external":1755731},"4":[11,836505038],"timestamp":"2021-09-28T05:13:10.783Z"}
info: Response accepted. {"0":"https://at.alicdn.com/t/font_1434092639_4910953.woff","1":200,"2":"application/octet-stream","3":{"rss":91303936,"heapTotal":47837184,"heapUsed":36416288,"external":1770777},"4":[11,837496238],"timestamp":"2021-09-28T05:13:10.784Z"}
info: Response accepted. {"0":"https://app.nftrade.com/proxima.woff2","1":200,"2":"font/woff2","3":{"rss":91303936,"heapTotal":47837184,"heapUsed":36590784,"external":1827220},"4":[11,967447390],"timestamp":"2021-09-28T05:13:10.914Z"}
info: Response accepted. {"0":"https://at.alicdn.com/t/font_1434092639_4910953.svg#iconfont","1":200,"2":"application/octet-stream","3":{"rss":91303936,"heapTotal":47837184,"heapUsed":36712184,"external":1843464},"4":[12,18751770],"timestamp":"2021-09-28T05:13:10.966Z"}
info: Saving resource. {"0":"https://app.nftrade.com/_next/static/css/ba3bd174d875db8c53f7.css","1":"css","2":{"rss":91303936,"heapTotal":47837184,"heapUsed":36750656,"external":1843464},"3":[12,21646870],"timestamp":"2021-09-28T05:13:10.968Z"}
info: Saving resource. {"0":"https://app.nftrade.com/_next/static/css/45b71cab7d571d8a36df.css","1":"css","2":{"rss":91303936,"heapTotal":47837184,"heapUsed":37114568,"external":1872480},"3":[12,179871986],"timestamp":"2021-09-28T05:13:11.127Z"}
info: Response accepted. {"0":"https://app.nftrade.com/checkbox.svg","1":200,"2":"image/svg+xml","3":{"rss":91398144,"heapTotal":47837184,"heapUsed":34870008,"external":1671666},"4":[13,78382959],"timestamp":"2021-09-28T05:13:12.025Z"}
info: Saving resource. {"0":"https://app.nftrade.com/_next/static/css/38f3d52fe355c5ffe589.css","1":"css","2":{"rss":91398144,"heapTotal":47837184,"heapUsed":34901848,"external":1671666},"3":[13,79483407],"timestamp":"2021-09-28T05:13:12.026Z"}
info: Saving resource. {"0":"https://app.nftrade.com/_next/static/css/830ffedb969c51548db6.css","1":"css","2":{"rss":91262976,"heapTotal":47837184,"heapUsed":35242376,"external":1776100},"3":[13,234915799],"timestamp":"2021-09-28T05:13:12.183Z"}
info: Saving resource. {"0":"https://app.nftrade.com/_next/static/css/9778608074814d89aa5d.css","1":"css","2":{"rss":91262976,"heapTotal":47837184,"heapUsed":35664544,"external":1818923},"3":[13,398094035],"timestamp":"2021-09-28T05:13:12.345Z"}
info: Saving resource. {"0":"https://avatars.dicebear.com/api/bottts/b8f3ca49-dadc-421b-bd63-7d4049f5508f.svg","2":{"rss":91262976,"heapTotal":47837184,"heapUsed":36076224,"external":1858703},"3":[13,552824138],"timestamp":"2021-09-28T05:13:12.500Z"}
info: File list updated. {"0":"offline","1":"allpages","2":"previewReady","3":{"rss":93184000,"heapTotal":48099328,"heapUsed":36607192,"external":3438747},"4":[14,122016778],"timestamp":"2021-09-28T05:13:13.069Z"}
info: Zip created. {"0":"offline","1":"allpages","2":"previewReady","3":{"rss":94056448,"heapTotal":46002176,"heapUsed":35102968,"external":5257509},"4":[15,12034942],"timestamp":"2021-09-28T05:13:13.959Z"}
info: Saving resource. {"0":"https://at.alicdn.com/t/font_1434092639_4910953.eot","2":{"rss":94670848,"heapTotal":46002176,"heapUsed":35598176,"external":6576460},"3":[15,304873956],"timestamp":"2021-09-28T05:13:14.252Z"}
info: Saving resource. {"0":"https://at.alicdn.com/t/font_1434092639_4910953.ttf","2":{"rss":94670848,"heapTotal":46002176,"heapUsed":36029760,"external":6620373},"3":[15,470034869],"timestamp":"2021-09-28T05:13:14.417Z"}
info: Saving resource. {"0":"https://at.alicdn.com/t/font_1434092639_4910953.woff","2":{"rss":94937088,"heapTotal":46002176,"heapUsed":36447160,"external":6737745},"3":[15,623676581],"timestamp":"2021-09-28T05:13:14.571Z"}
info: Saving resource. {"0":"https://app.nftrade.com/proxima.woff2","2":{"rss":94937088,"heapTotal":46002176,"heapUsed":36859624,"external":6769373},"3":[15,777929317],"timestamp":"2021-09-28T05:13:14.725Z"}
info: Saving resource. {"0":"https://at.alicdn.com/t/font_1434092639_4910953.svg#iconfont","2":{"rss":95887360,"heapTotal":46002176,"heapUsed":37271328,"external":6805302},"3":[15,974843646],"timestamp":"2021-09-28T05:13:14.922Z"}
info: Saving resource. {"0":"https://app.nftrade.com/checkbox.svg","2":{"rss":96395264,"heapTotal":46002176,"heapUsed":37703608,"external":6943121},"3":[16,154470664],"timestamp":"2021-09-28T05:13:15.101Z"}
info: Downloaded: 39 files. {"0":{"rss":95326208,"heapTotal":46002176,"heapUsed":34497328,"external":1857706},"1":[16,314711911],"timestamp":"2021-09-28T05:13:15.262Z"}
